<?xml version="1.0" encoding="UTF-8"?>
<!-- Generated by org.testng.reporters.JUnitXMLReporter -->
<testsuite ignored="1" hostname="DESKTOP-GU79SKV" failures="0" tests="1" name="Default test" time="22.554" errors="0" timestamp="2022-08-25T20:21:47 IST">
  <testcase classname="com.Boodmo.AdvanceTest" name="testDropDown" time="12.331"/>
  <testcase classname="com.Boodmo.AdvanceTest" name="testSearchTextField" time="0.0">
    <ignored/>
  </testcase> <!-- testSearchTextField -->
</testsuite> <!-- Default test -->
